==============================================================================
20190402 06:51:12.566 - INFO - + START SUITE: Provision-Containers [ ]
==============================================================================
20190402 06:51:12.567 - INFO - +- START SETUP: BuiltIn.Run Keywords [ Utils.Stx Suite Setup | provisioning.Assign Data Interfaces ]
20190402 06:51:12.567 - INFO - +-- START KW: Utils.Stx Suite Setup [ ]
20190402 06:51:12.567 - INFO - +--- START KW: Utils.Open Master Controller Connection [ ]
20190402 06:51:12.568 - INFO - +---- START KW: Utils.Connect to Controller Node [ ${CONFIG.credentials.STX_DEPLOY_USER_NAME} | ${CONFIG.credentials.STX_DEPLOY_USER_PSWD} | ${CONFIG.general.IP_UNIT_0_ADDRESS} ]
20190402 06:51:12.568 - INFO - +----- START KW: SSHLibrary.Open Connection [ ${ip_address} prompt=${prompt} | timeout=${timeout} ]
20190402 06:51:12.568 - INFO - ${controller_connection} = 1
20190402 06:51:12.568 - INFO - +----- END KW: SSHLibrary.Open Connection (0)
20190402 06:51:12.569 - INFO - +----- START KW: Utils.Flexible_SSH_Login [ ${user} | ${password} ]
20190402 06:51:12.569 - INFO - +------ START KW: BuiltIn.Get Length [ ${password} ]
20190402 06:51:12.569 - INFO - Length is 10
20190402 06:51:12.569 - INFO - ${pwd_length} = 10
20190402 06:51:12.569 - INFO - +------ END KW: BuiltIn.Get Length (0)
20190402 06:51:12.569 - INFO - +------ START KW: BuiltIn.Run Keyword And Return If [ ${pwd_length} > 0 | SSHLibrary.Login | ${user} | ${password} | delay=${delay} ]
20190402 06:51:12.569 - INFO - +------- START KW: SSHLibrary.Login [ ${user} | ${password} | delay=${delay} ]
20190402 06:51:12.570 - INFO - Logging into '192.168.200.76 prompt=$:22' as 'wrsroot'.
20190402 06:51:13.741 - INFO - Read output: Last login: Tue Apr  2 12:33:15 2019 from 192.168.200.60
/etc/motd.d/00-header:

[H[2J
WARNING: Unauthorized access to this system is forbidden and will be
prosecuted by law. By accessing this system, you agree that your
actions may be monitored if unauthorized usage is suspected.

controller-0:~$
20190402 06:51:13.742 - INFO - /home/mgperezi/duplex/stx-test-suite/Maria/lib/python2.7/site-packages/paramiko/kex_ecdh_nist.py:39: CryptographyDeprecationWarning: encode_point has been deprecated on EllipticCurvePublicNumbers and will be removed in a future version. Please use EllipticCurvePublicKey.public_bytes to obtain both compressed and uncompressed point encoding.
  m.add_string(self.Q_C.public_numbers().encode_point())
/home/mgperezi/duplex/stx-test-suite/Maria/lib/python2.7/site-packages/paramiko/kex_ecdh_nist.py:96: CryptographyDeprecationWarning: Support for unsafe construction of public numbers from encoded data will be removed in a future version. Please use EllipticCurvePublicKey.from_encoded_point
  self.curve, Q_S_bytes
/home/mgperezi/duplex/stx-test-suite/Maria/lib/python2.7/site-packages/paramiko/kex_ecdh_nist.py:111: CryptographyDeprecationWarning: encode_point has been deprecated on EllipticCurvePublicNumbers and will be removed in a future version. Please use EllipticCurvePublicKey.public_bytes to obtain both compressed and uncompressed point encoding.
  hm.add_string(self.Q_C.public_numbers().encode_point())
20190402 06:51:13.742 - INFO - +------- END KW: SSHLibrary.Login (1173)
20190402 06:51:13.743 - INFO - Returning from the enclosing user keyword.
20190402 06:51:13.743 - INFO - +------ END KW: BuiltIn.Run Keyword And Return If (1174)
20190402 06:51:13.744 - INFO - +----- END KW: Utils.Flexible_SSH_Login (1176)
20190402 06:51:13.744 - INFO - ${master_controller_connection} = 1
20190402 06:51:13.745 - INFO - +---- END KW: Utils.Connect to Controller Node (1176)
20190402 06:51:13.745 - INFO - +---- START KW: BuiltIn.Set Suite Variable [ ${master_controller_connection} ]
20190402 06:51:13.746 - INFO - ${master_controller_connection} = 1
20190402 06:51:13.746 - INFO - +---- END KW: BuiltIn.Set Suite Variable (1)
20190402 06:51:13.747 - INFO - +---- START KW: BuiltIn.Log [ ${master_controller_connection} ]
20190402 06:51:13.747 - INFO - 1
20190402 06:51:13.747 - INFO - +---- END KW: BuiltIn.Log (1)
20190402 06:51:13.747 - INFO - +--- END KW: Utils.Open Master Controller Connection (1180)
20190402 06:51:13.747 - INFO - +--- START KW: Utils.Set Env Vars From Openrc [ ]
20190402 06:51:13.747 - INFO - +---- START KW: Utils.Run Command [ source /etc/platform/openrc | True ]
20190402 06:51:13.748 - INFO - +----- START KW: SSHLibrary.Set Client Configuration [ timeout=${timeout} | prompt=$ ]
20190402 06:51:13.748 - INFO - +----- END KW: SSHLibrary.Set Client Configuration (0)
20190402 06:51:13.748 - INFO - +----- START KW: Utils.Create Empy Result Dictionary [ ]
20190402 06:51:13.748 - INFO - +------ START KW: BuiltIn.Create Dictionary [ stdout=${EMPTY} ]
20190402 06:51:13.749 - INFO - &{result_dict} = { stdout= }
20190402 06:51:13.749 - INFO - +------ END KW: BuiltIn.Create Dictionary (1)
20190402 06:51:13.749 - INFO - +------ START KW: Collections.Set To Dictionary [ ${result_dict} | stderr=${EMPTY} ]
20190402 06:51:13.749 - INFO - +------ END KW: Collections.Set To Dictionary (0)
20190402 06:51:13.749 - INFO - +------ START KW: Collections.Set To Dictionary [ ${result_dict} | rc=${EMPTY} ]
20190402 06:51:13.750 - INFO - +------ END KW: Collections.Set To Dictionary (0)
20190402 06:51:13.750 - INFO - &{result} = { stdout= | stderr= | rc= }
20190402 06:51:13.750 - INFO - +----- END KW: Utils.Create Empy Result Dictionary (2)
20190402 06:51:13.750 - INFO - +----- START KW: SSHLibrary.Read [ ]
20190402 06:51:13.750 - INFO - +----- END KW: SSHLibrary.Read (0)
20190402 06:51:13.750 - INFO - +----- START KW: SSHLibrary.Write [ ${cmd} ]
20190402 06:51:13.755 - INFO - source /etc/platform/openrc
20190402 06:51:13.755 - INFO - +----- END KW: SSHLibrary.Write (5)
20190402 06:51:13.755 - INFO - +----- START KW: SSHLibrary.Read Until Prompt [ ]
20190402 06:51:14.124 - INFO - [wrsroot@controller-0 ~(keystone_admin)]$
20190402 06:51:14.125 - INFO - ${output} = [wrsroot@controller-0 ~(keystone_admin)]$
20190402 06:51:14.125 - INFO - +----- END KW: SSHLibrary.Read Until Prompt (370)
20190402 06:51:14.125 - INFO - +----- START KW: Utils.Remove Prompt Line [ ${output} ]
20190402 06:51:14.125 - INFO - +------ START KW: String.Get Line [ ${output} | -1 ]
20190402 06:51:14.125 - INFO - ${line_to_remove} = [wrsroot@controller-0 ~(keystone_admin)]$
20190402 06:51:14.126 - INFO - +------ END KW: String.Get Line (0)
20190402 06:51:14.126 - INFO - +------ START KW: String.Remove String [ ${output} | ${line_to_remove} ]
20190402 06:51:14.126 - INFO - ${clean_out} =
20190402 06:51:14.126 - INFO - +------ END KW: String.Remove String (0)
20190402 06:51:14.126 - INFO - ${output} =
20190402 06:51:14.126 - INFO - +----- END KW: Utils.Remove Prompt Line (1)
20190402 06:51:14.126 - INFO - +----- START KW: Utils.Get Return Code [ ]
20190402 06:51:14.126 - INFO - +------ START KW: SSHLibrary.Write [ echo $? ]
20190402 06:51:14.128 - INFO - echo $?
20190402 06:51:14.129 - INFO - +------ END KW: SSHLibrary.Write (3)
20190402 06:51:14.129 - INFO - +------ START KW: SSHLibrary.Read Until Regexp [ [0-9]+ ]
20190402 06:51:14.129 - INFO - 0
20190402 06:51:14.129 - INFO - ${rc} = 0
20190402 06:51:14.129 - INFO - +------ END KW: SSHLibrary.Read Until Regexp (0)
20190402 06:51:14.129 - INFO - +------ START KW: BuiltIn.Log [ ${rc} ]
20190402 06:51:14.130 - INFO - 0
20190402 06:51:14.130 - INFO - +------ END KW: BuiltIn.Log (1)
20190402 06:51:14.130 - INFO - ${rc} = 0
20190402 06:51:14.130 - INFO - +----- END KW: Utils.Get Return Code (4)
20190402 06:51:14.130 - INFO - +----- START KW: BuiltIn.Run Keyword If [ ${rc} == 0 | Set To Dictionary | ${result} | stdout=${output.strip()} | ELSE IF | ${fail_if_error} == True | FAIL | ${output} | ELSE | Set To Dictionary | ${result} | stderr=${output} ]
20190402 06:51:14.131 - INFO - +------ START KW: Collections.Set To Dictionary [ ${result} | stdout=${output.strip()} ]
20190402 06:51:14.131 - INFO - +------ END KW: Collections.Set To Dictionary (0)
20190402 06:51:14.131 - INFO - +----- END KW: BuiltIn.Run Keyword If (1)
20190402 06:51:14.131 - INFO - +----- START KW: Collections.Set To Dictionary [ ${result} | rc=${rc} ]
20190402 06:51:14.131 - INFO - +----- END KW: Collections.Set To Dictionary (0)
20190402 06:51:14.131 - INFO - +----- START KW: Collections.Log Dictionary [ ${result} ]
20190402 06:51:14.131 - INFO - Dictionary size is 3 and it contains following items:
rc: 0
stderr: 
stdout:
20190402 06:51:14.131 - INFO - +----- END KW: Collections.Log Dictionary (0)
20190402 06:51:14.132 - INFO - +---- END KW: Utils.Run Command (385)
20190402 06:51:14.132 - INFO - +--- END KW: Utils.Set Env Vars From Openrc (385)
20190402 06:51:14.132 - INFO - +-- END KW: Utils.Stx Suite Setup (1565)
20190402 06:51:14.132 - INFO - +-- START KW: provisioning.Assign Data Interfaces [ ]
20190402 06:51:14.132 - INFO - +--- START KW: BuiltIn.Run Keyword If [ '${ENVIRONMENT}'=='virtual' | Create List | eth1000 | eth1001 | ELSE | Create List | enp24s0f0 | enp24s0f1 ]
20190402 06:51:14.132 - INFO - +---- START KW: BuiltIn.Create List [ enp24s0f0 | enp24s0f1 ]
20190402 06:51:14.133 - INFO - +---- END KW: BuiltIn.Create List (1)
20190402 06:51:14.133 - INFO - @{data_interfaces} = [ enp24s0f0 | enp24s0f1 ]
20190402 06:51:14.133 - INFO - +--- END KW: BuiltIn.Run Keyword If (1)
20190402 06:51:14.133 - INFO - +--- START KW: Collections.Get From List [ ${data_interfaces} | 0 ]
20190402 06:51:14.133 - INFO - ${data0if} = enp24s0f0
20190402 06:51:14.133 - INFO - +--- END KW: Collections.Get From List (0)
20190402 06:51:14.133 - INFO - +--- START KW: Collections.Get From List [ ${data_interfaces} | 1 ]
20190402 06:51:14.134 - INFO - ${data1if} = enp24s0f1
20190402 06:51:14.134 - INFO - +--- END KW: Collections.Get From List (1)
20190402 06:51:14.134 - INFO - +--- START KW: BuiltIn.Set Suite Variable [ ${data0if} ]
20190402 06:51:14.134 - INFO - ${data0if} = enp24s0f0
20190402 06:51:14.134 - INFO - +--- END KW: BuiltIn.Set Suite Variable (0)
20190402 06:51:14.134 - INFO - +--- START KW: BuiltIn.Set Suite Variable [ ${data1if} ]
20190402 06:51:14.134 - INFO - ${data1if} = enp24s0f1
20190402 06:51:14.134 - INFO - +--- END KW: BuiltIn.Set Suite Variable (0)
20190402 06:51:14.134 - INFO - +-- END KW: provisioning.Assign Data Interfaces (2)
20190402 06:51:14.135 - INFO - +- END SETUP: BuiltIn.Run Keywords (1567)
------------------------------------------------------------------------------
20190402 06:51:14.135 - INFO - +- START TEST: Provisioning Duplex System [ ]
------------------------------------------------------------------------------
20190402 06:51:14.135 - INFO - +-- START KW: Utils.Set NTP Server [ ]
20190402 06:51:14.135 - INFO - +--- START KW: BuiltIn.Set Variable [ 0.pool.ntp.org,1.pool.ntp.org ]
20190402 06:51:14.135 - INFO - ${ntp_servers} = 0.pool.ntp.org,1.pool.ntp.org
20190402 06:51:14.135 - INFO - +--- END KW: BuiltIn.Set Variable (0)
20190402 06:51:14.136 - INFO - +--- START KW: Utils.Run Command [ system ntp-modify ntpservers=${ntp_servers} ]
20190402 06:51:14.136 - INFO - +---- START KW: SSHLibrary.Set Client Configuration [ timeout=${timeout} | prompt=$ ]
20190402 06:51:14.136 - INFO - +---- END KW: SSHLibrary.Set Client Configuration (0)
20190402 06:51:14.136 - INFO - +---- START KW: Utils.Create Empy Result Dictionary [ ]
20190402 06:51:14.137 - INFO - +----- START KW: BuiltIn.Create Dictionary [ stdout=${EMPTY} ]
20190402 06:51:14.137 - INFO - &{result_dict} = { stdout= }
20190402 06:51:14.137 - INFO - +----- END KW: BuiltIn.Create Dictionary (1)
20190402 06:51:14.137 - INFO - +----- START KW: Collections.Set To Dictionary [ ${result_dict} | stderr=${EMPTY} ]
20190402 06:51:14.137 - INFO - +----- END KW: Collections.Set To Dictionary (0)
20190402 06:51:14.137 - INFO - +----- START KW: Collections.Set To Dictionary [ ${result_dict} | rc=${EMPTY} ]
20190402 06:51:14.138 - INFO - +----- END KW: Collections.Set To Dictionary (1)
20190402 06:51:14.138 - INFO - &{result} = { stdout= | stderr= | rc= }
20190402 06:51:14.138 - INFO - +---- END KW: Utils.Create Empy Result Dictionary (2)
20190402 06:51:14.138 - INFO - +---- START KW: SSHLibrary.Read [ ]
20190402 06:51:14.138 - INFO - [wrsroot@controller-0 ~(keystone_admin)]$
20190402 06:51:14.138 - INFO - +---- END KW: SSHLibrary.Read (0)
20190402 06:51:14.138 - INFO - +---- START KW: SSHLibrary.Write [ ${cmd} ]
20190402 06:51:14.150 - INFO - system ntp-modify ntpservers=0.pool.nt p.org,1.pool.ntp.org
20190402 06:51:14.150 - INFO - +---- END KW: SSHLibrary.Write (12)
20190402 06:51:14.150 - INFO - +---- START KW: SSHLibrary.Read Until Prompt [ ]
20190402 06:51:15.463 - INFO - +--------------+--------------------------------------+
| Property     | Value                                |
+--------------+--------------------------------------+
| uuid         | 75981062-d688-4d6d-b1b2-32887c1200db |
| enabled      | True                                 |
| ntpservers   | 0.pool.ntp.org,1.pool.ntp.org        |
| isystem_uuid | 76ce9d91-d770-4f94-85b0-7eebb135973e |
| created_at   | 2019-04-02T10:06:08.063839+00:00     |
| updated_at   | 2019-04-02T11:23:42.524874+00:00     |
+--------------+--------------------------------------+
[wrsroot@controller-0 ~(keystone_admin)]$
20190402 06:51:15.464 - INFO - ${output} = +--------------+--------------------------------------+
| Property     | Value                                |
+--------------+--------------------------------------+
| uuid         | 75981062-d68...
20190402 06:51:15.464 - INFO - +---- END KW: SSHLibrary.Read Until Prompt (1314)
20190402 06:51:15.464 - INFO - +---- START KW: Utils.Remove Prompt Line [ ${output} ]
20190402 06:51:15.465 - INFO - +----- START KW: String.Get Line [ ${output} | -1 ]
20190402 06:51:15.465 - INFO - ${line_to_remove} = [wrsroot@controller-0 ~(keystone_admin)]$
20190402 06:51:15.465 - INFO - +----- END KW: String.Get Line (0)
20190402 06:51:15.465 - INFO - +----- START KW: String.Remove String [ ${output} | ${line_to_remove} ]
20190402 06:51:15.465 - INFO - ${clean_out} = +--------------+--------------------------------------+
| Property     | Value                                |
+--------------+--------------------------------------+
| uuid         | 75981062-d68...
20190402 06:51:15.465 - INFO - +----- END KW: String.Remove String (0)
20190402 06:51:15.465 - INFO - ${output} = +--------------+--------------------------------------+
| Property     | Value                                |
+--------------+--------------------------------------+
| uuid         | 75981062-d68...
20190402 06:51:15.465 - INFO - +---- END KW: Utils.Remove Prompt Line (1)
20190402 06:51:15.465 - INFO - +---- START KW: Utils.Get Return Code [ ]
20190402 06:51:15.466 - INFO - +----- START KW: SSHLibrary.Write [ echo $? ]
20190402 06:51:15.467 - INFO - echo $?
20190402 06:51:15.467 - INFO - +----- END KW: SSHLibrary.Write (1)
20190402 06:51:15.468 - INFO - +----- START KW: SSHLibrary.Read Until Regexp [ [0-9]+ ]
20190402 06:51:15.468 - INFO - 0
20190402 06:51:15.468 - INFO - ${rc} = 0
20190402 06:51:15.468 - INFO - +----- END KW: SSHLibrary.Read Until Regexp (0)
20190402 06:51:15.468 - INFO - +----- START KW: BuiltIn.Log [ ${rc} ]
20190402 06:51:15.468 - INFO - 0
20190402 06:51:15.468 - INFO - +----- END KW: BuiltIn.Log (0)
20190402 06:51:15.468 - INFO - ${rc} = 0
20190402 06:51:15.469 - INFO - +---- END KW: Utils.Get Return Code (3)
20190402 06:51:15.469 - INFO - +---- START KW: BuiltIn.Run Keyword If [ ${rc} == 0 | Set To Dictionary | ${result} | stdout=${output.strip()} | ELSE IF | ${fail_if_error} == True | FAIL | ${output} | ELSE | Set To Dictionary | ${result} | stderr=${output} ]
20190402 06:51:15.469 - INFO - +----- START KW: Collections.Set To Dictionary [ ${result} | stdout=${output.strip()} ]
20190402 06:51:15.469 - INFO - +----- END KW: Collections.Set To Dictionary (0)
20190402 06:51:15.469 - INFO - +---- END KW: BuiltIn.Run Keyword If (0)
20190402 06:51:15.469 - INFO - +---- START KW: Collections.Set To Dictionary [ ${result} | rc=${rc} ]
20190402 06:51:15.470 - INFO - +---- END KW: Collections.Set To Dictionary (1)
20190402 06:51:15.470 - INFO - +---- START KW: Collections.Log Dictionary [ ${result} ]
20190402 06:51:15.470 - INFO - Dictionary size is 3 and it contains following items:
rc: 0
stderr: 
stdout: +--------------+--------------------------------------+
| Property     | Value                                |
+--------------+--------------------------------------+
| uuid         | 75981062-d688-4d6d-b1b2-32887c1200db |
| enabled      | True                                 |
| ntpservers   | 0.pool.ntp.org,1.pool.ntp.org        |
| isystem_uuid | 76ce9d91-d770-4f94-85b0-7eebb135973e |
| created_at   | 2019-04-02T10:06:08.063839+00:00     |
| updated_at   | 2019-04-02T11:23:42.524874+00:00     |
+--------------+--------------------------------------+
20190402 06:51:15.470 - INFO - +---- END KW: Collections.Log Dictionary (0)
20190402 06:51:15.470 - INFO - +--- END KW: Utils.Run Command (1334)
20190402 06:51:15.470 - INFO - +-- END KW: Utils.Set NTP Server (1335)
~~~~~~~~~~~~~~~~~~~~~~~~~~~~~~~~~~~~~~~~~~~~~~~~~~~~~~~~~~~~~~~~~~~~~~~~~~~~~~
20190402 06:51:15.470 - INFO - +-- START KW: Utils.Configure Data Interfaces [ ${master_controller} | ${data0if} | ${data1if} | ${physnet0} | ${physnet1} | ${mtu} ]
20190402 06:51:15.471 - INFO - +--- START KW: BuiltIn.Run Keyword If [ '${host}'=='controller-1' | Run Keywords | Provide OAM Network Interface | ${host} | AND | Setup Cluster-host Interfaces | ${host} ]
20190402 06:51:15.471 - INFO - +--- END KW: BuiltIn.Run Keyword If (0)
20190402 06:51:15.471 - INFO - +--- START KW: Utils.Get Interface Information [ ${host} | ${data0if} ]
20190402 06:51:15.472 - INFO - +---- START KW: BuiltIn.Catenate [ SEPARATOR=| | system host-port-list ${host} --nowrap | grep ${interface} | awk '{ print $2,$4,$8}' ]
20190402 06:51:15.472 - INFO - ${cmd} = system host-port-list controller-0 --nowrap|grep enp24s0f0|awk '{ print $2,$4,$8}'
20190402 06:51:15.472 - INFO - +---- END KW: BuiltIn.Catenate (0)
20190402 06:51:15.472 - INFO - +---- START KW: Utils.Run Command [ ${cmd} ]
20190402 06:51:15.472 - INFO - +----- START KW: SSHLibrary.Set Client Configuration [ timeout=${timeout} | prompt=$ ]
20190402 06:51:15.473 - INFO - +----- END KW: SSHLibrary.Set Client Configuration (1)
20190402 06:51:15.473 - INFO - +----- START KW: Utils.Create Empy Result Dictionary [ ]
20190402 06:51:15.473 - INFO - +------ START KW: BuiltIn.Create Dictionary [ stdout=${EMPTY} ]
20190402 06:51:15.473 - INFO - &{result_dict} = { stdout= }
20190402 06:51:15.473 - INFO - +------ END KW: BuiltIn.Create Dictionary (0)
20190402 06:51:15.473 - INFO - +------ START KW: Collections.Set To Dictionary [ ${result_dict} | stderr=${EMPTY} ]
20190402 06:51:15.474 - INFO - +------ END KW: Collections.Set To Dictionary (1)
20190402 06:51:15.474 - INFO - +------ START KW: Collections.Set To Dictionary [ ${result_dict} | rc=${EMPTY} ]
20190402 06:51:15.474 - INFO - +------ END KW: Collections.Set To Dictionary (0)
20190402 06:51:15.474 - INFO - &{result} = { stdout= | stderr= | rc= }
20190402 06:51:15.474 - INFO - +----- END KW: Utils.Create Empy Result Dictionary (1)
20190402 06:51:15.474 - INFO - +----- START KW: SSHLibrary.Read [ ]
20190402 06:51:15.474 - INFO - [wrsroot@controller-0 ~(keystone_admin)]$
20190402 06:51:15.474 - INFO - +----- END KW: SSHLibrary.Read (0)
20190402 06:51:15.475 - INFO - +----- START KW: SSHLibrary.Write [ ${cmd} ]
20190402 06:51:15.492 - INFO - system host-port-list controller-0 --n owrap|grep enp24s0f0|awk '{ print $2,$4,$8}'
20190402 06:51:15.492 - INFO - +----- END KW: SSHLibrary.Write (17)
20190402 06:51:15.492 - INFO - +----- START KW: SSHLibrary.Read Until Prompt [ ]
20190402 06:51:16.517 - INFO - 6ef9bf2a-1a6f-4d1e-8890-3f621879b8f6 enp24s0f0 0000:18:00.0
[wrsroot@controller-0 ~(keystone_admin)]$
20190402 06:51:16.517 - INFO - ${output} = 6ef9bf2a-1a6f-4d1e-8890-3f621879b8f6 enp24s0f0 0000:18:00.0
[wrsroot@controller-0 ~(keystone_admin)]$
20190402 06:51:16.517 - INFO - +----- END KW: SSHLibrary.Read Until Prompt (1025)
20190402 06:51:16.518 - INFO - +----- START KW: Utils.Remove Prompt Line [ ${output} ]
20190402 06:51:16.518 - INFO - +------ START KW: String.Get Line [ ${output} | -1 ]
20190402 06:51:16.518 - INFO - ${line_to_remove} = [wrsroot@controller-0 ~(keystone_admin)]$
20190402 06:51:16.518 - INFO - +------ END KW: String.Get Line (0)
20190402 06:51:16.518 - INFO - +------ START KW: String.Remove String [ ${output} | ${line_to_remove} ]
20190402 06:51:16.518 - INFO - ${clean_out} = 6ef9bf2a-1a6f-4d1e-8890-3f621879b8f6 enp24s0f0 0000:18:00.0
20190402 06:51:16.519 - INFO - +------ END KW: String.Remove String (1)
20190402 06:51:16.519 - INFO - ${output} = 6ef9bf2a-1a6f-4d1e-8890-3f621879b8f6 enp24s0f0 0000:18:00.0
20190402 06:51:16.519 - INFO - +----- END KW: Utils.Remove Prompt Line (1)
20190402 06:51:16.519 - INFO - +----- START KW: Utils.Get Return Code [ ]
20190402 06:51:16.519 - INFO - +------ START KW: SSHLibrary.Write [ echo $? ]
20190402 06:51:16.521 - INFO - echo $?
20190402 06:51:16.521 - INFO - +------ END KW: SSHLibrary.Write (2)
20190402 06:51:16.521 - INFO - +------ START KW: SSHLibrary.Read Until Regexp [ [0-9]+ ]
20190402 06:51:16.521 - INFO - 0
20190402 06:51:16.522 - INFO - ${rc} = 0
20190402 06:51:16.522 - INFO - +------ END KW: SSHLibrary.Read Until Regexp (1)
20190402 06:51:16.522 - INFO - +------ START KW: BuiltIn.Log [ ${rc} ]
20190402 06:51:16.522 - INFO - 0
20190402 06:51:16.522 - INFO - +------ END KW: BuiltIn.Log (0)
20190402 06:51:16.522 - INFO - ${rc} = 0
20190402 06:51:16.522 - INFO - +----- END KW: Utils.Get Return Code (3)
20190402 06:51:16.522 - INFO - +----- START KW: BuiltIn.Run Keyword If [ ${rc} == 0 | Set To Dictionary | ${result} | stdout=${output.strip()} | ELSE IF | ${fail_if_error} == True | FAIL | ${output} | ELSE | Set To Dictionary | ${result} | stderr=${output} ]
20190402 06:51:16.523 - INFO - +------ START KW: Collections.Set To Dictionary [ ${result} | stdout=${output.strip()} ]
20190402 06:51:16.523 - INFO - +------ END KW: Collections.Set To Dictionary (0)
20190402 06:51:16.523 - INFO - +----- END KW: BuiltIn.Run Keyword If (1)
20190402 06:51:16.523 - INFO - +----- START KW: Collections.Set To Dictionary [ ${result} | rc=${rc} ]
20190402 06:51:16.523 - INFO - +----- END KW: Collections.Set To Dictionary (0)
20190402 06:51:16.523 - INFO - +----- START KW: Collections.Log Dictionary [ ${result} ]
20190402 06:51:16.523 - INFO - Dictionary size is 3 and it contains following items:
rc: 0
stderr: 
stdout: 6ef9bf2a-1a6f-4d1e-8890-3f621879b8f6 enp24s0f0 0000:18:00.0
20190402 06:51:16.523 - INFO - +----- END KW: Collections.Log Dictionary (0)
20190402 06:51:16.524 - INFO - ${info} = {u'stdout': u'6ef9bf2a-1a6f-4d1e-8890-3f621879b8f6 enp24s0f0 0000:18:00.0', u'stderr': u'', u'rc': u'0'}
20190402 06:51:16.524 - INFO - +---- END KW: Utils.Run Command (1052)
20190402 06:51:16.524 - INFO - +---- START KW: Utils.Convert Response To List [ ${info} ]
20190402 06:51:16.524 - INFO - +----- START KW: Collections.Get From Dictionary [ ${result} | stdout ]
20190402 06:51:16.524 - INFO - ${response} = 6ef9bf2a-1a6f-4d1e-8890-3f621879b8f6 enp24s0f0 0000:18:00.0
20190402 06:51:16.524 - INFO - +----- END KW: Collections.Get From Dictionary (0)
20190402 06:51:16.524 - INFO - +----- START KW: String.Split String [ ${response} ]
20190402 06:51:16.525 - INFO - @{res_in_list} = [ 6ef9bf2a-1a6f-4d1e-8890-3f621879b8f6 | enp24s0f0 | 0000:18:00.0 ]
20190402 06:51:16.525 - INFO - +----- END KW: String.Split String (1)
20190402 06:51:16.525 - INFO - ${info} = [u'6ef9bf2a-1a6f-4d1e-8890-3f621879b8f6', u'enp24s0f0', u'0000:18:00.0']
20190402 06:51:16.525 - INFO - +---- END KW: Utils.Convert Response To List (1)
20190402 06:51:16.525 - INFO - ${iface_info} = [u'6ef9bf2a-1a6f-4d1e-8890-3f621879b8f6', u'enp24s0f0', u'0000:18:00.0']
20190402 06:51:16.525 - INFO - +--- END KW: Utils.Get Interface Information (1054)
20190402 06:51:16.525 - INFO - +--- START KW: Collections.Get From List [ ${iface_info} | 0 ]
20190402 06:51:16.525 - INFO - ${data0portuuid} = 6ef9bf2a-1a6f-4d1e-8890-3f621879b8f6
20190402 06:51:16.525 - INFO - +--- END KW: Collections.Get From List (0)
20190402 06:51:16.525 - INFO - +--- START KW: Collections.Get From List [ ${iface_info} | 1 ]
20190402 06:51:16.526 - INFO - ${data0portname} = enp24s0f0
20190402 06:51:16.526 - INFO - +--- END KW: Collections.Get From List (1)
20190402 06:51:16.526 - INFO - +--- START KW: Collections.Get From List [ ${iface_info} | 2 ]
20190402 06:51:16.526 - INFO - ${data0pciaddr} = 0000:18:00.0
20190402 06:51:16.526 - INFO - +--- END KW: Collections.Get From List (0)
20190402 06:51:16.526 - INFO - +--- START KW: Utils.Get Interface Information [ ${host} | ${data1if} ]
20190402 06:51:16.527 - INFO - +---- START KW: BuiltIn.Catenate [ SEPARATOR=| | system host-port-list ${host} --nowrap | grep ${interface} | awk '{ print $2,$4,$8}' ]
20190402 06:51:16.527 - INFO - ${cmd} = system host-port-list controller-0 --nowrap|grep enp24s0f1|awk '{ print $2,$4,$8}'
20190402 06:51:16.527 - INFO - +---- END KW: BuiltIn.Catenate (0)
20190402 06:51:16.527 - INFO - +---- START KW: Utils.Run Command [ ${cmd} ]
20190402 06:51:16.527 - INFO - +----- START KW: SSHLibrary.Set Client Configuration [ timeout=${timeout} | prompt=$ ]
20190402 06:51:16.527 - INFO - +----- END KW: SSHLibrary.Set Client Configuration (0)
20190402 06:51:16.528 - INFO - +----- START KW: Utils.Create Empy Result Dictionary [ ]
20190402 06:51:16.528 - INFO - +------ START KW: BuiltIn.Create Dictionary [ stdout=${EMPTY} ]
20190402 06:51:16.528 - INFO - &{result_dict} = { stdout= }
20190402 06:51:16.528 - INFO - +------ END KW: BuiltIn.Create Dictionary (0)
20190402 06:51:16.528 - INFO - +------ START KW: Collections.Set To Dictionary [ ${result_dict} | stderr=${EMPTY} ]
20190402 06:51:16.529 - INFO - +------ END KW: Collections.Set To Dictionary (1)
20190402 06:51:16.529 - INFO - +------ START KW: Collections.Set To Dictionary [ ${result_dict} | rc=${EMPTY} ]
20190402 06:51:16.529 - INFO - +------ END KW: Collections.Set To Dictionary (0)
20190402 06:51:16.529 - INFO - &{result} = { stdout= | stderr= | rc= }
20190402 06:51:16.529 - INFO - +----- END KW: Utils.Create Empy Result Dictionary (1)
20190402 06:51:16.529 - INFO - +----- START KW: SSHLibrary.Read [ ]
20190402 06:51:16.529 - INFO - [wrsroot@controller-0 ~(keystone_admin)]$
20190402 06:51:16.529 - INFO - +----- END KW: SSHLibrary.Read (0)
20190402 06:51:16.529 - INFO - +----- START KW: SSHLibrary.Write [ ${cmd} ]
20190402 06:51:16.546 - INFO - system host-port-list controller-0 --n owrap|grep enp24s0f1|awk '{ print $2,$4,$8}'
20190402 06:51:16.547 - INFO - +----- END KW: SSHLibrary.Write (18)
20190402 06:51:16.547 - INFO - +----- START KW: SSHLibrary.Read Until Prompt [ ]
20190402 06:51:17.597 - INFO - 8f070dfb-c440-470d-82d3-8f5f52d7c2a4 enp24s0f1 0000:18:00.1
[wrsroot@controller-0 ~(keystone_admin)]$
20190402 06:51:17.597 - INFO - ${output} = 8f070dfb-c440-470d-82d3-8f5f52d7c2a4 enp24s0f1 0000:18:00.1
[wrsroot@controller-0 ~(keystone_admin)]$
20190402 06:51:17.597 - INFO - +----- END KW: SSHLibrary.Read Until Prompt (1050)
20190402 06:51:17.597 - INFO - +----- START KW: Utils.Remove Prompt Line [ ${output} ]
20190402 06:51:17.598 - INFO - +------ START KW: String.Get Line [ ${output} | -1 ]
20190402 06:51:17.598 - INFO - ${line_to_remove} = [wrsroot@controller-0 ~(keystone_admin)]$
20190402 06:51:17.598 - INFO - +------ END KW: String.Get Line (0)
20190402 06:51:17.598 - INFO - +------ START KW: String.Remove String [ ${output} | ${line_to_remove} ]
20190402 06:51:17.598 - INFO - ${clean_out} = 8f070dfb-c440-470d-82d3-8f5f52d7c2a4 enp24s0f1 0000:18:00.1
20190402 06:51:17.598 - INFO - +------ END KW: String.Remove String (0)
20190402 06:51:17.598 - INFO - ${output} = 8f070dfb-c440-470d-82d3-8f5f52d7c2a4 enp24s0f1 0000:18:00.1
20190402 06:51:17.598 - INFO - +----- END KW: Utils.Remove Prompt Line (1)
20190402 06:51:17.599 - INFO - +----- START KW: Utils.Get Return Code [ ]
20190402 06:51:17.599 - INFO - +------ START KW: SSHLibrary.Write [ echo $? ]
20190402 06:51:17.600 - INFO - echo $?
20190402 06:51:17.600 - INFO - +------ END KW: SSHLibrary.Write (1)
20190402 06:51:17.601 - INFO - +------ START KW: SSHLibrary.Read Until Regexp [ [0-9]+ ]
20190402 06:51:17.601 - INFO - 0
20190402 06:51:17.601 - INFO - ${rc} = 0
20190402 06:51:17.601 - INFO - +------ END KW: SSHLibrary.Read Until Regexp (1)
20190402 06:51:17.601 - INFO - +------ START KW: BuiltIn.Log [ ${rc} ]
20190402 06:51:17.601 - INFO - 0
20190402 06:51:17.601 - INFO - +------ END KW: BuiltIn.Log (0)
20190402 06:51:17.601 - INFO - ${rc} = 0
20190402 06:51:17.601 - INFO - +----- END KW: Utils.Get Return Code (3)
20190402 06:51:17.602 - INFO - +----- START KW: BuiltIn.Run Keyword If [ ${rc} == 0 | Set To Dictionary | ${result} | stdout=${output.strip()} | ELSE IF | ${fail_if_error} == True | FAIL | ${output} | ELSE | Set To Dictionary | ${result} | stderr=${output} ]
20190402 06:51:17.602 - INFO - +------ START KW: Collections.Set To Dictionary [ ${result} | stdout=${output.strip()} ]
20190402 06:51:17.602 - INFO - +------ END KW: Collections.Set To Dictionary (0)
20190402 06:51:17.602 - INFO - +----- END KW: BuiltIn.Run Keyword If (0)
20190402 06:51:17.602 - INFO - +----- START KW: Collections.Set To Dictionary [ ${result} | rc=${rc} ]
20190402 06:51:17.603 - INFO - +----- END KW: Collections.Set To Dictionary (0)
20190402 06:51:17.603 - INFO - +----- START KW: Collections.Log Dictionary [ ${result} ]
20190402 06:51:17.603 - INFO - Dictionary size is 3 and it contains following items:
rc: 0
stderr: 
stdout: 8f070dfb-c440-470d-82d3-8f5f52d7c2a4 enp24s0f1 0000:18:00.1
20190402 06:51:17.603 - INFO - +----- END KW: Collections.Log Dictionary (0)
20190402 06:51:17.603 - INFO - ${info} = {u'stdout': u'8f070dfb-c440-470d-82d3-8f5f52d7c2a4 enp24s0f1 0000:18:00.1', u'stderr': u'', u'rc': u'0'}
20190402 06:51:17.603 - INFO - +---- END KW: Utils.Run Command (1076)
20190402 06:51:17.603 - INFO - +---- START KW: Utils.Convert Response To List [ ${info} ]
20190402 06:51:17.603 - INFO - +----- START KW: Collections.Get From Dictionary [ ${result} | stdout ]
20190402 06:51:17.604 - INFO - ${response} = 8f070dfb-c440-470d-82d3-8f5f52d7c2a4 enp24s0f1 0000:18:00.1
20190402 06:51:17.604 - INFO - +----- END KW: Collections.Get From Dictionary (1)
20190402 06:51:17.604 - INFO - +----- START KW: String.Split String [ ${response} ]
20190402 06:51:17.604 - INFO - @{res_in_list} = [ 8f070dfb-c440-470d-82d3-8f5f52d7c2a4 | enp24s0f1 | 0000:18:00.1 ]
20190402 06:51:17.604 - INFO - +----- END KW: String.Split String (0)
20190402 06:51:17.604 - INFO - ${info} = [u'8f070dfb-c440-470d-82d3-8f5f52d7c2a4', u'enp24s0f1', u'0000:18:00.1']
20190402 06:51:17.604 - INFO - +---- END KW: Utils.Convert Response To List (1)
20190402 06:51:17.604 - INFO - ${iface_info} = [u'8f070dfb-c440-470d-82d3-8f5f52d7c2a4', u'enp24s0f1', u'0000:18:00.1']
20190402 06:51:17.604 - INFO - +--- END KW: Utils.Get Interface Information (1078)
20190402 06:51:17.604 - INFO - +--- START KW: Collections.Get From List [ ${iface_info} | 0 ]
20190402 06:51:17.605 - INFO - ${data1portuuid} = 8f070dfb-c440-470d-82d3-8f5f52d7c2a4
20190402 06:51:17.605 - INFO - +--- END KW: Collections.Get From List (1)
20190402 06:51:17.605 - INFO - +--- START KW: Collections.Get From List [ ${iface_info} | 1 ]
20190402 06:51:17.605 - INFO - ${data1portname} = enp24s0f1
20190402 06:51:17.605 - INFO - +--- END KW: Collections.Get From List (0)
20190402 06:51:17.605 - INFO - +--- START KW: Collections.Get From List [ ${iface_info} | 2 ]
20190402 06:51:17.605 - INFO - ${data1pciaddr} = 0000:18:00.1
20190402 06:51:17.605 - INFO - +--- END KW: Collections.Get From List (0)
20190402 06:51:17.606 - INFO - +--- START KW: Utils.Get Interface UUID [ ${host} | ${data0portname} ]
20190402 06:51:17.606 - INFO - +---- START KW: BuiltIn.Catenate [ SEPARATOR=| | system host-if-list -a ${host} | grep ${port_name} | awk '{print $2}' ]
20190402 06:51:17.606 - INFO - ${cmd} = system host-if-list -a controller-0|grep enp24s0f0|awk '{print $2}'
20190402 06:51:17.606 - INFO - +---- END KW: BuiltIn.Catenate (0)
20190402 06:51:17.606 - INFO - +---- START KW: Utils.Run Command [ ${cmd} ]
20190402 06:51:17.607 - INFO - +----- START KW: SSHLibrary.Set Client Configuration [ timeout=${timeout} | prompt=$ ]
20190402 06:51:17.607 - INFO - +----- END KW: SSHLibrary.Set Client Configuration (0)
20190402 06:51:17.607 - INFO - +----- START KW: Utils.Create Empy Result Dictionary [ ]
20190402 06:51:17.607 - INFO - +------ START KW: BuiltIn.Create Dictionary [ stdout=${EMPTY} ]
20190402 06:51:17.607 - INFO - &{result_dict} = { stdout= }
20190402 06:51:17.608 - INFO - +------ END KW: BuiltIn.Create Dictionary (1)
20190402 06:51:17.608 - INFO - +------ START KW: Collections.Set To Dictionary [ ${result_dict} | stderr=${EMPTY} ]
20190402 06:51:17.608 - INFO - +------ END KW: Collections.Set To Dictionary (0)
20190402 06:51:17.608 - INFO - +------ START KW: Collections.Set To Dictionary [ ${result_dict} | rc=${EMPTY} ]
20190402 06:51:17.608 - INFO - +------ END KW: Collections.Set To Dictionary (0)
20190402 06:51:17.608 - INFO - &{result} = { stdout= | stderr= | rc= }
20190402 06:51:17.608 - INFO - +----- END KW: Utils.Create Empy Result Dictionary (1)
20190402 06:51:17.609 - INFO - +----- START KW: SSHLibrary.Read [ ]
20190402 06:51:17.609 - INFO - [wrsroot@controller-0 ~(keystone_admin)]$
20190402 06:51:17.609 - INFO - +----- END KW: SSHLibrary.Read (0)
20190402 06:51:17.609 - INFO - +----- START KW: SSHLibrary.Write [ ${cmd} ]
20190402 06:51:17.623 - INFO - system host-if-list -a controller-0|gr ep enp24s0f0|awk '{print $2}'
20190402 06:51:17.623 - INFO - +----- END KW: SSHLibrary.Write (14)
20190402 06:51:17.623 - INFO - +----- START KW: SSHLibrary.Read Until Prompt [ ]
20190402 06:51:18.769 - INFO - c22463b6-2fe0-479e-b810-8ece7e444a4f
[wrsroot@controller-0 ~(keystone_admin)]$
20190402 06:51:18.769 - INFO - ${output} = c22463b6-2fe0-479e-b810-8ece7e444a4f
[wrsroot@controller-0 ~(keystone_admin)]$
20190402 06:51:18.769 - INFO - +----- END KW: SSHLibrary.Read Until Prompt (1146)
20190402 06:51:18.769 - INFO - +----- START KW: Utils.Remove Prompt Line [ ${output} ]
20190402 06:51:18.769 - INFO - +------ START KW: String.Get Line [ ${output} | -1 ]
20190402 06:51:18.770 - INFO - ${line_to_remove} = [wrsroot@controller-0 ~(keystone_admin)]$
20190402 06:51:18.770 - INFO - +------ END KW: String.Get Line (1)
20190402 06:51:18.770 - INFO - +------ START KW: String.Remove String [ ${output} | ${line_to_remove} ]
20190402 06:51:18.770 - INFO - ${clean_out} = c22463b6-2fe0-479e-b810-8ece7e444a4f
20190402 06:51:18.770 - INFO - +------ END KW: String.Remove String (0)
20190402 06:51:18.770 - INFO - ${output} = c22463b6-2fe0-479e-b810-8ece7e444a4f
20190402 06:51:18.770 - INFO - +----- END KW: Utils.Remove Prompt Line (1)
20190402 06:51:18.770 - INFO - +----- START KW: Utils.Get Return Code [ ]
20190402 06:51:18.770 - INFO - +------ START KW: SSHLibrary.Write [ echo $? ]
20190402 06:51:18.773 - INFO - echo $?
20190402 06:51:18.773 - INFO - +------ END KW: SSHLibrary.Write (3)
20190402 06:51:18.773 - INFO - +------ START KW: SSHLibrary.Read Until Regexp [ [0-9]+ ]
20190402 06:51:18.773 - INFO - 0
20190402 06:51:18.773 - INFO - ${rc} = 0
20190402 06:51:18.773 - INFO - +------ END KW: SSHLibrary.Read Until Regexp (0)
20190402 06:51:18.773 - INFO - +------ START KW: BuiltIn.Log [ ${rc} ]
20190402 06:51:18.774 - INFO - 0
20190402 06:51:18.774 - INFO - +------ END KW: BuiltIn.Log (1)
20190402 06:51:18.774 - INFO - ${rc} = 0
20190402 06:51:18.774 - INFO - +----- END KW: Utils.Get Return Code (4)
20190402 06:51:18.774 - INFO - +----- START KW: BuiltIn.Run Keyword If [ ${rc} == 0 | Set To Dictionary | ${result} | stdout=${output.strip()} | ELSE IF | ${fail_if_error} == True | FAIL | ${output} | ELSE | Set To Dictionary | ${result} | stderr=${output} ]
20190402 06:51:18.774 - INFO - +------ START KW: Collections.Set To Dictionary [ ${result} | stdout=${output.strip()} ]
20190402 06:51:18.775 - INFO - +------ END KW: Collections.Set To Dictionary (1)
20190402 06:51:18.775 - INFO - +----- END KW: BuiltIn.Run Keyword If (1)
20190402 06:51:18.775 - INFO - +----- START KW: Collections.Set To Dictionary [ ${result} | rc=${rc} ]
20190402 06:51:18.775 - INFO - +----- END KW: Collections.Set To Dictionary (0)
20190402 06:51:18.775 - INFO - +----- START KW: Collections.Log Dictionary [ ${result} ]
20190402 06:51:18.775 - INFO - Dictionary size is 3 and it contains following items:
rc: 0
stderr: 
stdout: c22463b6-2fe0-479e-b810-8ece7e444a4f
20190402 06:51:18.775 - INFO - +----- END KW: Collections.Log Dictionary (0)
20190402 06:51:18.775 - INFO - ${uuid} = {u'stdout': u'c22463b6-2fe0-479e-b810-8ece7e444a4f', u'stderr': u'', u'rc': u'0'}
20190402 06:51:18.775 - INFO - +---- END KW: Utils.Run Command (1169)
20190402 06:51:18.776 - INFO - ${data0ifuuid} = c22463b6-2fe0-479e-b810-8ece7e444a4f
20190402 06:51:18.776 - INFO - +--- END KW: Utils.Get Interface UUID (1170)
20190402 06:51:18.776 - INFO - +--- START KW: Utils.Get Interface UUID [ ${host} | ${data1portname} ]
20190402 06:51:18.776 - INFO - +---- START KW: BuiltIn.Catenate [ SEPARATOR=| | system host-if-list -a ${host} | grep ${port_name} | awk '{print $2}' ]
20190402 06:51:18.776 - INFO - ${cmd} = system host-if-list -a controller-0|grep enp24s0f1|awk '{print $2}'
20190402 06:51:18.776 - INFO - +---- END KW: BuiltIn.Catenate (0)
20190402 06:51:18.776 - INFO - +---- START KW: Utils.Run Command [ ${cmd} ]
20190402 06:51:18.778 - INFO - +----- START KW: SSHLibrary.Set Client Configuration [ timeout=${timeout} | prompt=$ ]
20190402 06:51:18.778 - INFO - +----- END KW: SSHLibrary.Set Client Configuration (0)
20190402 06:51:18.778 - INFO - +----- START KW: Utils.Create Empy Result Dictionary [ ]
20190402 06:51:18.778 - INFO - +------ START KW: BuiltIn.Create Dictionary [ stdout=${EMPTY} ]
20190402 06:51:18.778 - INFO - &{result_dict} = { stdout= }
20190402 06:51:18.779 - INFO - +------ END KW: BuiltIn.Create Dictionary (0)
20190402 06:51:18.779 - INFO - +------ START KW: Collections.Set To Dictionary [ ${result_dict} | stderr=${EMPTY} ]
20190402 06:51:18.779 - INFO - +------ END KW: Collections.Set To Dictionary (0)
20190402 06:51:18.779 - INFO - +------ START KW: Collections.Set To Dictionary [ ${result_dict} | rc=${EMPTY} ]
20190402 06:51:18.779 - INFO - +------ END KW: Collections.Set To Dictionary (0)
20190402 06:51:18.779 - INFO - &{result} = { stdout= | stderr= | rc= }
20190402 06:51:18.779 - INFO - +----- END KW: Utils.Create Empy Result Dictionary (1)
20190402 06:51:18.780 - INFO - +----- START KW: SSHLibrary.Read [ ]
20190402 06:51:18.780 - INFO - [wrsroot@controller-0 ~(keystone_admin)]$
20190402 06:51:18.780 - INFO - +----- END KW: SSHLibrary.Read (1)
20190402 06:51:18.780 - INFO - +----- START KW: SSHLibrary.Write [ ${cmd} ]
20190402 06:51:18.781 - INFO - system host-if-list -a controller-0|gr ep enp24s0f1|awk '{print $2}'
20190402 06:51:18.781 - INFO - +----- END KW: SSHLibrary.Write (1)
20190402 06:51:18.782 - INFO - +----- START KW: SSHLibrary.Read Until Prompt [ ]
20190402 06:51:19.958 - INFO - f623786d-bcad-4598-90c5-723841b5f6c9
[wrsroot@controller-0 ~(keystone_admin)]$
20190402 06:51:19.958 - INFO - ${output} = f623786d-bcad-4598-90c5-723841b5f6c9
[wrsroot@controller-0 ~(keystone_admin)]$
20190402 06:51:19.958 - INFO - +----- END KW: SSHLibrary.Read Until Prompt (1177)
20190402 06:51:19.958 - INFO - +----- START KW: Utils.Remove Prompt Line [ ${output} ]
20190402 06:51:19.959 - INFO - +------ START KW: String.Get Line [ ${output} | -1 ]
20190402 06:51:19.959 - INFO - ${line_to_remove} = [wrsroot@controller-0 ~(keystone_admin)]$
20190402 06:51:19.959 - INFO - +------ END KW: String.Get Line (0)
20190402 06:51:19.959 - INFO - +------ START KW: String.Remove String [ ${output} | ${line_to_remove} ]
20190402 06:51:19.959 - INFO - ${clean_out} = f623786d-bcad-4598-90c5-723841b5f6c9
20190402 06:51:19.959 - INFO - +------ END KW: String.Remove String (0)
20190402 06:51:19.960 - INFO - ${output} = f623786d-bcad-4598-90c5-723841b5f6c9
20190402 06:51:19.960 - INFO - +----- END KW: Utils.Remove Prompt Line (2)
20190402 06:51:19.960 - INFO - +----- START KW: Utils.Get Return Code [ ]
20190402 06:51:19.960 - INFO - +------ START KW: SSHLibrary.Write [ echo $? ]
20190402 06:51:19.962 - INFO - echo $?
20190402 06:51:19.962 - INFO - +------ END KW: SSHLibrary.Write (2)
20190402 06:51:19.962 - INFO - +------ START KW: SSHLibrary.Read Until Regexp [ [0-9]+ ]
20190402 06:51:19.962 - INFO - 0
20190402 06:51:19.962 - INFO - ${rc} = 0
20190402 06:51:19.963 - INFO - +------ END KW: SSHLibrary.Read Until Regexp (0)
20190402 06:51:19.963 - INFO - +------ START KW: BuiltIn.Log [ ${rc} ]
20190402 06:51:19.963 - INFO - 0
20190402 06:51:19.963 - INFO - +------ END KW: BuiltIn.Log (0)
20190402 06:51:19.963 - INFO - ${rc} = 0
20190402 06:51:19.963 - INFO - +----- END KW: Utils.Get Return Code (3)
20190402 06:51:19.963 - INFO - +----- START KW: BuiltIn.Run Keyword If [ ${rc} == 0 | Set To Dictionary | ${result} | stdout=${output.strip()} | ELSE IF | ${fail_if_error} == True | FAIL | ${output} | ELSE | Set To Dictionary | ${result} | stderr=${output} ]
20190402 06:51:19.963 - INFO - +------ START KW: Collections.Set To Dictionary [ ${result} | stdout=${output.strip()} ]
20190402 06:51:19.964 - INFO - +------ END KW: Collections.Set To Dictionary (1)
20190402 06:51:19.964 - INFO - +----- END KW: BuiltIn.Run Keyword If (1)
20190402 06:51:19.964 - INFO - +----- START KW: Collections.Set To Dictionary [ ${result} | rc=${rc} ]
20190402 06:51:19.964 - INFO - +----- END KW: Collections.Set To Dictionary (0)
20190402 06:51:19.964 - INFO - +----- START KW: Collections.Log Dictionary [ ${result} ]
20190402 06:51:19.964 - INFO - Dictionary size is 3 and it contains following items:
rc: 0
stderr: 
stdout: f623786d-bcad-4598-90c5-723841b5f6c9
20190402 06:51:19.964 - INFO - +----- END KW: Collections.Log Dictionary (0)
20190402 06:51:19.965 - INFO - ${uuid} = {u'stdout': u'f623786d-bcad-4598-90c5-723841b5f6c9', u'stderr': u'', u'rc': u'0'}
20190402 06:51:19.965 - INFO - +---- END KW: Utils.Run Command (1189)
20190402 06:51:19.965 - INFO - ${data1ifuuid} = f623786d-bcad-4598-90c5-723841b5f6c9
20190402 06:51:19.965 - INFO - +--- END KW: Utils.Get Interface UUID (1189)
20190402 06:51:19.965 - INFO - +--- START KW: BuiltIn.Run Keyword If [ '${host}'=='controller-0' or '${host}'=='compute-0' | Run Keywords | Run Command | system datanetwork-add ${physnet0} vlan | True | AND | Run Command | system datanetwork-add ${physnet1} vlan | True ]
20190402 06:51:19.965 - INFO - +---- START KW: BuiltIn.Run Keywords [ Run Command | system datanetwork-add ${physnet0} vlan | True | AND | Run Command | system datanetwork-add ${physnet1} vlan | True ]
20190402 06:51:19.966 - INFO - +----- START KW: Utils.Run Command [ system datanetwork-add ${physnet0} vlan | True ]
20190402 06:51:19.966 - INFO - +------ START KW: SSHLibrary.Set Client Configuration [ timeout=${timeout} | prompt=$ ]
20190402 06:51:19.966 - INFO - +------ END KW: SSHLibrary.Set Client Configuration (0)
20190402 06:51:19.966 - INFO - +------ START KW: Utils.Create Empy Result Dictionary [ ]
20190402 06:51:19.966 - INFO - +------- START KW: BuiltIn.Create Dictionary [ stdout=${EMPTY} ]
20190402 06:51:19.967 - INFO - &{result_dict} = { stdout= }
20190402 06:51:19.967 - INFO - +------- END KW: BuiltIn.Create Dictionary (1)
20190402 06:51:19.967 - INFO - +------- START KW: Collections.Set To Dictionary [ ${result_dict} | stderr=${EMPTY} ]
20190402 06:51:19.967 - INFO - +------- END KW: Collections.Set To Dictionary (0)
20190402 06:51:19.967 - INFO - +------- START KW: Collections.Set To Dictionary [ ${result_dict} | rc=${EMPTY} ]
20190402 06:51:19.968 - INFO - +------- END KW: Collections.Set To Dictionary (1)
20190402 06:51:19.968 - INFO - &{result} = { stdout= | stderr= | rc= }
20190402 06:51:19.968 - INFO - +------ END KW: Utils.Create Empy Result Dictionary (2)
20190402 06:51:19.968 - INFO - +------ START KW: SSHLibrary.Read [ ]
20190402 06:51:19.968 - INFO - [wrsroot@controller-0 ~(keystone_admin)]$
20190402 06:51:19.968 - INFO - +------ END KW: SSHLibrary.Read (0)
20190402 06:51:19.968 - INFO - +------ START KW: SSHLibrary.Write [ ${cmd} ]
20190402 06:51:19.975 - INFO - system datanetwork-add physnet0 vlan
20190402 06:51:19.975 - INFO - +------ END KW: SSHLibrary.Write (7)
20190402 06:51:19.975 - INFO - +------ START KW: SSHLibrary.Read Until Prompt [ ]
20190402 06:51:21.012 - INFO - DataNetwork of name physnet0 already exists.
[wrsroot@controller-0 ~(keystone_admin)]$
20190402 06:51:21.012 - INFO - ${output} = DataNetwork of name physnet0 already exists.
[wrsroot@controller-0 ~(keystone_admin)]$
20190402 06:51:21.013 - INFO - +------ END KW: SSHLibrary.Read Until Prompt (1037)
20190402 06:51:21.013 - INFO - +------ START KW: Utils.Remove Prompt Line [ ${output} ]
20190402 06:51:21.013 - INFO - +------- START KW: String.Get Line [ ${output} | -1 ]
20190402 06:51:21.013 - INFO - ${line_to_remove} = [wrsroot@controller-0 ~(keystone_admin)]$
20190402 06:51:21.013 - INFO - +------- END KW: String.Get Line (0)
20190402 06:51:21.013 - INFO - +------- START KW: String.Remove String [ ${output} | ${line_to_remove} ]
20190402 06:51:21.014 - INFO - ${clean_out} = DataNetwork of name physnet0 already exists.
20190402 06:51:21.014 - INFO - +------- END KW: String.Remove String (1)
20190402 06:51:21.014 - INFO - ${output} = DataNetwork of name physnet0 already exists.
20190402 06:51:21.014 - INFO - +------ END KW: Utils.Remove Prompt Line (1)
20190402 06:51:21.014 - INFO - +------ START KW: Utils.Get Return Code [ ]
20190402 06:51:21.014 - INFO - +------- START KW: SSHLibrary.Write [ echo $? ]
20190402 06:51:21.016 - INFO - echo $?
20190402 06:51:21.016 - INFO - +------- END KW: SSHLibrary.Write (2)
20190402 06:51:21.016 - INFO - +------- START KW: SSHLibrary.Read Until Regexp [ [0-9]+ ]
20190402 06:51:21.017 - INFO - 1
20190402 06:51:21.017 - INFO - ${rc} = 1
20190402 06:51:21.017 - INFO - +------- END KW: SSHLibrary.Read Until Regexp (1)
20190402 06:51:21.017 - INFO - +------- START KW: BuiltIn.Log [ ${rc} ]
20190402 06:51:21.017 - INFO - 1
20190402 06:51:21.017 - INFO - +------- END KW: BuiltIn.Log (0)
20190402 06:51:21.017 - INFO - ${rc} = 1
20190402 06:51:21.017 - INFO - +------ END KW: Utils.Get Return Code (3)
20190402 06:51:21.017 - INFO - +------ START KW: BuiltIn.Run Keyword If [ ${rc} == 0 | Set To Dictionary | ${result} | stdout=${output.strip()} | ELSE IF | ${fail_if_error} == True | FAIL | ${output} | ELSE | Set To Dictionary | ${result} | stderr=${output} ]
20190402 06:51:21.018 - INFO - +------- START KW: BuiltIn.Fail [ ${output} ]
20190402 06:51:21.018 - FAIL - DataNetwork of name physnet0 already exists.
20190402 06:51:21.018 - DEBUG - Traceback (most recent call last):
  None
20190402 06:51:21.018 - INFO - +------- END KW: BuiltIn.Fail (0)
20190402 06:51:21.018 - INFO - +------ END KW: BuiltIn.Run Keyword If (1)
20190402 06:51:21.018 - INFO - +----- END KW: Utils.Run Command (1052)
20190402 06:51:21.018 - INFO - +---- END KW: BuiltIn.Run Keywords (1053)
20190402 06:51:21.018 - INFO - +--- END KW: BuiltIn.Run Keyword If (1053)
20190402 06:51:21.019 - INFO - +-- END KW: Utils.Configure Data Interfaces (5549)
------------------------------------------------------------------------------
20190402 06:51:21.019 - INFO - +- END TEST: Provisioning Duplex System (6884)
------------------------------------------------------------------------------
20190402 06:51:21.020 - INFO - + END SUITE: Provision-Containers (8587)
==============================================================================
